<?xml version="1.0" encoding="UTF-8"?>
<!-- Generated by org.testng.reporters.JUnitReportReporter -->
<testsuite hostname="balajit-Latitude-5501" failures="0" tests="1" name="com.iss.satellite.testsatellites.PositionsTest" time="2.250" errors="0" timestamp="12 Sep 2021 14:33:35 GMT">
  <testcase classname="com.iss.satellite.testsatellites.PositionsTest" name="test" time="2.250"/>
</testsuite> <!-- com.iss.satellite.testsatellites.PositionsTest -->
